{"meta": {"format": 3, "version": "7.11.3", "timestamp": "2025-11-20T01:08:42.867354", "branch_coverage": false, "show_contexts": false}, "files": {"email_server.py": {"executed_lines": [1, 2, 3, 4, 5, 6, 8, 9, 10, 11, 12, 14, 32, 35, 37, 41, 42, 44, 47, 48, 50, 53, 54, 56, 57, 58, 60, 61, 62, 63, 68, 72, 76, 79, 87, 89, 90, 101, 104, 111, 112, 113, 124, 127, 135, 136, 137, 138, 139, 140, 141, 143, 144, 145, 146, 151, 152, 157, 160, 171, 172, 173, 174, 175, 188, 189, 190, 194, 195, 198, 201, 202, 204, 206, 207, 208, 209, 210, 212, 213, 214, 216, 225, 226, 228, 229, 230, 232, 234, 235, 239, 242, 243, 244, 247, 248, 249, 250, 251, 254, 255, 256, 257, 260, 261, 268, 269, 272, 273, 275, 278, 279, 291, 292, 299, 304, 305, 307, 308, 310, 311, 313, 315, 316, 317, 318, 319, 327, 335, 339, 342, 343, 346, 349, 350, 352, 357, 358, 359, 360, 361, 368, 369, 370, 371, 374, 386, 387, 390, 394, 401, 411, 412, 415, 417, 418, 423, 424, 426, 427, 439], "summary": {"covered_lines": 160, "num_statements": 181, "percent_covered": 88.39779005524862, "percent_covered_display": "88", "missing_lines": 21, "excluded_lines": 2}, "missing_lines": [149, 176, 184, 186, 187, 233, 236, 237, 238, 280, 282, 285, 300, 306, 328, 363, 380, 405, 433, 440, 441], "excluded_lines": [32, 33], "functions": {"get_cached_basic_stats": {"executed_lines": [44], "summary": {"covered_lines": 1, "num_statements": 1, "percent_covered": 100.0, "percent_covered_display": "100", "missing_lines": 0, "excluded_lines": 0}, "missing_lines": [], "excluded_lines": []}, "get_cached_email_sizes_in_time": {"executed_lines": [50], "summary": {"covered_lines": 1, "num_statements": 1, "percent_covered": 100.0, "percent_covered_display": "100", "missing_lines": 0, "excluded_lines": 0}, "missing_lines": [], "excluded_lines": []}, "lifespan": {"executed_lines": [56, 57, 58, 60, 61, 62, 63], "summary": {"covered_lines": 7, "num_statements": 7, "percent_covered": 100.0, "percent_covered_display": "100", "missing_lines": 0, "excluded_lines": 0}, "missing_lines": [], "excluded_lines": []}, "create_list_item_fragment": {"executed_lines": [87, 89, 90, 101], "summary": {"covered_lines": 4, "num_statements": 4, "percent_covered": 100.0, "percent_covered_display": "100", "missing_lines": 0, "excluded_lines": 0}, "missing_lines": [], "excluded_lines": []}, "create_detail_fragment": {"executed_lines": [111, 112, 113, 124], "summary": {"covered_lines": 4, "num_statements": 4, "percent_covered": 100.0, "percent_covered_display": "100", "missing_lines": 0, "excluded_lines": 0}, "missing_lines": [], "excluded_lines": []}, "create_thread_detail_fragment": {"executed_lines": [135, 136, 137, 138, 139, 140, 141, 143, 144, 145, 146, 151, 152, 157], "summary": {"covered_lines": 14, "num_statements": 15, "percent_covered": 93.33333333333333, "percent_covered_display": "93", "missing_lines": 1, "excluded_lines": 0}, "missing_lines": [149], "excluded_lines": []}, "parse_search_input": {"executed_lines": [171, 172, 173, 174, 175, 188, 189, 190], "summary": {"covered_lines": 8, "num_statements": 12, "percent_covered": 66.66666666666667, "percent_covered_display": "67", "missing_lines": 4, "excluded_lines": 0}, "missing_lines": [176, 184, 186, 187], "excluded_lines": []}, "index": {"executed_lines": [198], "summary": {"covered_lines": 1, "num_statements": 1, "percent_covered": 100.0, "percent_covered_display": "100", "missing_lines": 0, "excluded_lines": 0}, "missing_lines": [], "excluded_lines": []}, "stats_layout": {"executed_lines": [204, 206, 207, 208, 209, 210, 212, 213, 214, 216], "summary": {"covered_lines": 10, "num_statements": 10, "percent_covered": 100.0, "percent_covered_display": "100", "missing_lines": 0, "excluded_lines": 0}, "missing_lines": [], "excluded_lines": []}, "stats_data": {"executed_lines": [228, 229, 230, 232, 234, 235, 239], "summary": {"covered_lines": 7, "num_statements": 11, "percent_covered": 63.63636363636363, "percent_covered_display": "64", "missing_lines": 4, "excluded_lines": 0}, "missing_lines": [233, 236, 237, 238], "excluded_lines": []}, "inbox_layout": {"executed_lines": [244], "summary": {"covered_lines": 1, "num_statements": 1, "percent_covered": 100.0, "percent_covered_display": "100", "missing_lines": 0, "excluded_lines": 0}, "missing_lines": [], "excluded_lines": []}, "sent_layout": {"executed_lines": [249, 250, 251], "summary": {"covered_lines": 3, "num_statements": 3, "percent_covered": 100.0, "percent_covered_display": "100", "missing_lines": 0, "excluded_lines": 0}, "missing_lines": [], "excluded_lines": []}, "handle_search": {"executed_lines": [256, 257], "summary": {"covered_lines": 2, "num_statements": 2, "percent_covered": 100.0, "percent_covered_display": "100", "missing_lines": 0, "excluded_lines": 0}, "missing_lines": [], "excluded_lines": []}, "email_list": {"executed_lines": [268, 269, 272, 273, 275, 278, 279, 291, 292, 299, 304, 305, 307, 308, 310, 311, 313, 315, 316, 317, 318, 319, 327, 335, 339], "summary": {"covered_lines": 25, "num_statements": 31, "percent_covered": 80.64516129032258, "percent_covered_display": "81", "missing_lines": 6, "excluded_lines": 0}, "missing_lines": [280, 282, 285, 300, 306, 328], "excluded_lines": []}, "email_detail": {"executed_lines": [346, 349, 350, 352, 357, 358, 359, 360, 361, 368, 369, 370, 371, 374], "summary": {"covered_lines": 14, "num_statements": 16, "percent_covered": 87.5, "percent_covered_display": "88", "missing_lines": 2, "excluded_lines": 0}, "missing_lines": [363, 380], "excluded_lines": []}, "email_thread_detail": {"executed_lines": [390, 394, 401], "summary": {"covered_lines": 3, "num_statements": 4, "percent_covered": 75.0, "percent_covered_display": "75", "missing_lines": 1, "excluded_lines": 0}, "missing_lines": [405], "excluded_lines": []}, "get_attachment": {"executed_lines": [415, 417, 418, 423, 424, 426, 427], "summary": {"covered_lines": 7, "num_statements": 8, "percent_covered": 87.5, "percent_covered_display": "88", "missing_lines": 1, "excluded_lines": 0}, "missing_lines": [433], "excluded_lines": []}, "": {"executed_lines": [1, 2, 3, 4, 5, 6, 8, 9, 10, 11, 12, 14, 32, 35, 37, 41, 42, 47, 48, 53, 54, 68, 72, 76, 79, 104, 127, 160, 194, 195, 201, 202, 225, 226, 242, 243, 247, 248, 254, 255, 260, 261, 342, 343, 386, 387, 411, 412, 439], "summary": {"covered_lines": 48, "num_statements": 50, "percent_covered": 96.0, "percent_covered_display": "96", "missing_lines": 2, "excluded_lines": 2}, "missing_lines": [440, 441], "excluded_lines": [32, 33]}}, "classes": {"": {"executed_lines": [1, 2, 3, 4, 5, 6, 8, 9, 10, 11, 12, 14, 32, 35, 37, 41, 42, 44, 47, 48, 50, 53, 54, 56, 57, 58, 60, 61, 62, 63, 68, 72, 76, 79, 87, 89, 90, 101, 104, 111, 112, 113, 124, 127, 135, 136, 137, 138, 139, 140, 141, 143, 144, 145, 146, 151, 152, 157, 160, 171, 172, 173, 174, 175, 188, 189, 190, 194, 195, 198, 201, 202, 204, 206, 207, 208, 209, 210, 212, 213, 214, 216, 225, 226, 228, 229, 230, 232, 234, 235, 239, 242, 243, 244, 247, 248, 249, 250, 251, 254, 255, 256, 257, 260, 261, 268, 269, 272, 273, 275, 278, 279, 291, 292, 299, 304, 305, 307, 308, 310, 311, 313, 315, 316, 317, 318, 319, 327, 335, 339, 342, 343, 346, 349, 350, 352, 357, 358, 359, 360, 361, 368, 369, 370, 371, 374, 386, 387, 390, 394, 401, 411, 412, 415, 417, 418, 423, 424, 426, 427, 439], "summary": {"covered_lines": 160, "num_statements": 181, "percent_covered": 88.39779005524862, "percent_covered_display": "88", "missing_lines": 21, "excluded_lines": 2}, "missing_lines": [149, 176, 184, 186, 187, 233, 236, 237, 238, 280, 282, 285, 300, 306, 328, 363, 380, 405, 433, 440, 441], "excluded_lines": [32, 33]}}}, "email_utils.py": {"executed_lines": [1, 2, 3, 4, 5, 6, 7, 9, 10, 11, 12, 13, 14, 15, 16, 17, 18, 21, 23, 24, 26, 28, 46, 51, 52, 53, 54, 56, 58, 59, 61, 67, 69, 70, 72, 73, 74, 75, 76, 77, 78, 79, 80, 84, 85, 86, 87, 88, 89, 90, 91, 92, 95, 96, 97, 99, 100, 103, 108, 109, 110, 113, 114, 117, 120, 123, 126, 127, 136, 137, 140, 159, 169, 170, 171, 174, 175, 187, 188, 189, 190, 195, 209, 214, 217, 219, 222, 223, 224, 227, 231, 262, 265, 271, 272, 274, 276, 277, 285, 287, 288, 290, 292, 293, 295, 296, 297, 306, 307, 308, 309, 311, 312, 313, 316, 317, 318, 319, 320, 321, 330, 345, 348, 349, 355, 356, 358, 360, 363, 364, 371, 398, 402, 418, 455, 503, 513, 515, 516, 517, 521, 524, 567, 621, 773, 774, 777, 786, 800], "summary": {"covered_lines": 149, "num_statements": 377, "percent_covered": 39.52254641909814, "percent_covered_display": "40", "missing_lines": 228, "excluded_lines": 0}, "missing_lines": [104, 105, 142, 155, 156, 160, 161, 162, 163, 164, 165, 166, 176, 177, 178, 179, 185, 192, 196, 197, 198, 199, 202, 203, 204, 205, 206, 220, 232, 236, 238, 239, 240, 241, 242, 244, 245, 246, 247, 250, 252, 299, 300, 301, 304, 323, 324, 350, 351, 352, 365, 366, 367, 368, 372, 373, 374, 375, 376, 377, 379, 380, 381, 382, 383, 384, 385, 386, 387, 389, 390, 391, 392, 394, 395, 399, 405, 415, 419, 420, 421, 423, 424, 425, 428, 429, 430, 433, 434, 435, 437, 438, 439, 442, 446, 447, 449, 450, 451, 452, 468, 469, 470, 472, 473, 475, 476, 477, 480, 482, 483, 484, 487, 488, 489, 494, 499, 500, 518, 519, 536, 539, 540, 541, 542, 544, 545, 548, 549, 551, 552, 553, 554, 555, 557, 558, 560, 561, 562, 563, 564, 579, 580, 581, 584, 586, 587, 588, 592, 609, 610, 614, 616, 617, 618, 623, 625, 626, 627, 628, 629, 631, 635, 636, 638, 639, 640, 641, 642, 643, 644, 645, 646, 647, 649, 650, 651, 652, 653, 660, 678, 680, 681, 682, 684, 685, 686, 687, 688, 689, 690, 692, 693, 694, 695, 696, 697, 698, 699, 703, 708, 709, 714, 729, 749, 753, 754, 755, 759, 761, 763, 764, 765, 766, 767, 768, 769, 770, 778, 779, 780, 781, 783, 787, 789, 791, 793, 797], "excluded_lines": [], "functions": {"MboxReader.__init__": {"executed_lines": [53, 54, 56], "summary": {"covered_lines": 3, "num_statements": 3, "percent_covered": 100.0, "percent_covered_display": "100", "missing_lines": 0, "excluded_lines": 0}, "missing_lines": [], "excluded_lines": []}, "MboxReader.__enter__": {"executed_lines": [59], "summary": {"covered_lines": 1, "num_statements": 1, "percent_covered": 100.0, "percent_covered_display": "100", "missing_lines": 0, "excluded_lines": 0}, "missing_lines": [], "excluded_lines": []}, "MboxReader.__exit__": {"executed_lines": [67], "summary": {"covered_lines": 1, "num_statements": 1, "percent_covered": 100.0, "percent_covered_display": "100", "missing_lines": 0, "excluded_lines": 0}, "missing_lines": [], "excluded_lines": []}, "MboxReader.__iter__": {"executed_lines": [70], "summary": {"covered_lines": 1, "num_statements": 1, "percent_covered": 100.0, "percent_covered_display": "100", "missing_lines": 0, "excluded_lines": 0}, "missing_lines": [], "excluded_lines": []}, "MboxReader.__next__": {"executed_lines": [73, 74, 75, 76, 77, 78, 79, 80, 84, 85, 86, 87, 88, 89, 90, 91, 92], "summary": {"covered_lines": 17, "num_statements": 17, "percent_covered": 100.0, "percent_covered_display": "100", "missing_lines": 0, "excluded_lines": 0}, "missing_lines": [], "excluded_lines": []}, "to_string": {"executed_lines": [96, 97, 99, 100], "summary": {"covered_lines": 4, "num_statements": 4, "percent_covered": 100.0, "percent_covered_display": "100", "missing_lines": 0, "excluded_lines": 0}, "missing_lines": [], "excluded_lines": []}, "load_email_db": {"executed_lines": [], "summary": {"covered_lines": 0, "num_statements": 2, "percent_covered": 0.0, "percent_covered_display": "0", "missing_lines": 2, "excluded_lines": 0}, "missing_lines": [104, 105], "excluded_lines": []}, "get_one_email": {"executed_lines": [109, 110], "summary": {"covered_lines": 2, "num_statements": 2, "percent_covered": 100.0, "percent_covered_display": "100", "missing_lines": 0, "excluded_lines": 0}, "missing_lines": [], "excluded_lines": []}, "get_basic_stats": {"executed_lines": [114, 117, 120, 123], "summary": {"covered_lines": 4, "num_statements": 4, "percent_covered": 100.0, "percent_covered_display": "100", "missing_lines": 0, "excluded_lines": 0}, "missing_lines": [], "excluded_lines": []}, "get_email_sizes_in_time": {"executed_lines": [127, 136, 137], "summary": {"covered_lines": 3, "num_statements": 3, "percent_covered": 100.0, "percent_covered_display": "100", "missing_lines": 0, "excluded_lines": 0}, "missing_lines": [], "excluded_lines": []}, "get_domains_by_count": {"executed_lines": [], "summary": {"covered_lines": 0, "num_statements": 3, "percent_covered": 0.0, "percent_covered_display": "0", "missing_lines": 3, "excluded_lines": 0}, "missing_lines": [142, 155, 156], "excluded_lines": []}, "get_thread_for_email": {"executed_lines": [], "summary": {"covered_lines": 0, "num_statements": 7, "percent_covered": 0.0, "percent_covered_display": "0", "missing_lines": 7, "excluded_lines": 0}, "missing_lines": [160, 161, 162, 163, 164, 165, 166], "excluded_lines": []}, "get_one_thread": {"executed_lines": [170, 171], "summary": {"covered_lines": 2, "num_statements": 2, "percent_covered": 100.0, "percent_covered_display": "100", "missing_lines": 0, "excluded_lines": 0}, "missing_lines": [], "excluded_lines": []}, "get_email_count": {"executed_lines": [175, 187, 188, 189, 190], "summary": {"covered_lines": 5, "num_statements": 11, "percent_covered": 45.45454545454545, "percent_covered_display": "45", "missing_lines": 6, "excluded_lines": 0}, "missing_lines": [176, 177, 178, 179, 185, 192], "excluded_lines": []}, "get_attachment_file": {"executed_lines": [], "summary": {"covered_lines": 0, "num_statements": 9, "percent_covered": 0.0, "percent_covered_display": "0", "missing_lines": 9, "excluded_lines": 0}, "missing_lines": [196, 197, 198, 199, 202, 203, 204, 205, 206], "excluded_lines": []}, "_extract_attachments": {"executed_lines": [214, 217, 219, 222, 223, 224, 227, 231, 262], "summary": {"covered_lines": 9, "num_statements": 23, "percent_covered": 39.130434782608695, "percent_covered_display": "39", "missing_lines": 14, "excluded_lines": 0}, "missing_lines": [220, 232, 236, 238, 239, 240, 241, 242, 244, 245, 246, 247, 250, 252], "excluded_lines": []}, "_extract_body_content": {"executed_lines": [271, 272, 274, 276, 277, 285, 287, 288, 290, 292, 293, 295, 296, 297, 306, 307, 308, 309, 311, 312, 313, 316, 317, 318, 319, 320, 321], "summary": {"covered_lines": 27, "num_statements": 33, "percent_covered": 81.81818181818181, "percent_covered_display": "82", "missing_lines": 6, "excluded_lines": 0}, "missing_lines": [299, 300, 301, 304, 323, 324], "excluded_lines": []}, "parse_email": {"executed_lines": [345, 348, 349, 355, 356, 358, 360], "summary": {"covered_lines": 7, "num_statements": 10, "percent_covered": 70.0, "percent_covered_display": "70", "missing_lines": 3, "excluded_lines": 0}, "missing_lines": [350, 351, 352], "excluded_lines": []}, "get_string_email_from_mboxfile": {"executed_lines": [], "summary": {"covered_lines": 0, "num_statements": 4, "percent_covered": 0.0, "percent_covered_display": "0", "missing_lines": 4, "excluded_lines": 0}, "missing_lines": [365, 366, 367, 368], "excluded_lines": []}, "get_email_content": {"executed_lines": [], "summary": {"covered_lines": 0, "num_statements": 21, "percent_covered": 0.0, "percent_covered_display": "0", "missing_lines": 21, "excluded_lines": 0}, "missing_lines": [372, 373, 374, 375, 376, 377, 379, 380, 381, 382, 383, 384, 385, 386, 387, 389, 390, 391, 392, 394, 395], "excluded_lines": []}, "surround_with_wildcards": {"executed_lines": [], "summary": {"covered_lines": 0, "num_statements": 1, "percent_covered": 0.0, "percent_covered_display": "0", "missing_lines": 1, "excluded_lines": 0}, "missing_lines": [399], "excluded_lines": []}, "get_similar_vectors": {"executed_lines": [], "summary": {"covered_lines": 0, "num_statements": 2, "percent_covered": 0.0, "percent_covered_display": "0", "missing_lines": 2, "excluded_lines": 0}, "missing_lines": [405, 415], "excluded_lines": []}, "process_additional_criteria": {"executed_lines": [], "summary": {"covered_lines": 0, "num_statements": 22, "percent_covered": 0.0, "percent_covered_display": "0", "missing_lines": 22, "excluded_lines": 0}, "missing_lines": [419, 420, 421, 423, 424, 425, 428, 429, 430, 433, 434, 435, 437, 438, 439, 442, 446, 447, 449, 450, 451, 452], "excluded_lines": []}, "get_email_list": {"executed_lines": [], "summary": {"covered_lines": 0, "num_statements": 18, "percent_covered": 0.0, "percent_covered_display": "0", "missing_lines": 18, "excluded_lines": 0}, "missing_lines": [468, 469, 470, 472, 473, 475, 476, 477, 480, 482, 483, 484, 487, 488, 489, 494, 499, 500], "excluded_lines": []}, "load_email_content_search": {"executed_lines": [513, 515, 516, 517, 521], "summary": {"covered_lines": 5, "num_statements": 7, "percent_covered": 71.42857142857143, "percent_covered_display": "71", "missing_lines": 2, "excluded_lines": 0}, "missing_lines": [518, 519], "excluded_lines": []}, "get_ollama_embedding": {"executed_lines": [], "summary": {"covered_lines": 0, "num_statements": 21, "percent_covered": 0.0, "percent_covered_display": "0", "missing_lines": 21, "excluded_lines": 0}, "missing_lines": [536, 539, 540, 541, 542, 544, 545, 548, 549, 551, 552, 553, 554, 555, 557, 558, 560, 561, 562, 563, 564], "excluded_lines": []}, "rag_search_duckdb": {"executed_lines": [], "summary": {"covered_lines": 0, "num_statements": 14, "percent_covered": 0.0, "percent_covered_display": "0", "missing_lines": 14, "excluded_lines": 0}, "missing_lines": [579, 580, 581, 584, 586, 587, 588, 592, 609, 610, 614, 616, 617, 618], "excluded_lines": []}, "process": {"executed_lines": [], "summary": {"covered_lines": 0, "num_statements": 55, "percent_covered": 0.0, "percent_covered_display": "0", "missing_lines": 55, "excluded_lines": 0}, "missing_lines": [623, 625, 626, 627, 628, 629, 631, 635, 636, 638, 639, 640, 641, 642, 643, 644, 645, 646, 647, 649, 650, 651, 652, 653, 660, 678, 680, 681, 682, 684, 685, 686, 687, 688, 689, 690, 692, 693, 694, 695, 696, 697, 698, 699, 703, 708, 709, 714, 729, 749, 753, 754, 755, 759, 761], "excluded_lines": []}, "process.query_collection": {"executed_lines": [], "summary": {"covered_lines": 0, "num_statements": 8, "percent_covered": 0.0, "percent_covered_display": "0", "missing_lines": 8, "excluded_lines": 0}, "missing_lines": [763, 764, 765, 766, 767, 768, 769, 770], "excluded_lines": []}, "ollama_embeddings": {"executed_lines": [], "summary": {"covered_lines": 0, "num_statements": 5, "percent_covered": 0.0, "percent_covered_display": "0", "missing_lines": 5, "excluded_lines": 0}, "missing_lines": [778, 779, 780, 781, 783], "excluded_lines": []}, "": {"executed_lines": [1, 2, 3, 4, 5, 6, 7, 9, 10, 11, 12, 13, 14, 15, 16, 17, 18, 21, 23, 24, 26, 28, 46, 51, 52, 58, 61, 69, 72, 95, 103, 108, 113, 126, 140, 159, 169, 174, 195, 209, 265, 330, 363, 364, 371, 398, 402, 418, 455, 503, 524, 567, 621, 773, 774, 777, 786, 800], "summary": {"covered_lines": 58, "num_statements": 63, "percent_covered": 92.06349206349206, "percent_covered_display": "92", "missing_lines": 5, "excluded_lines": 0}, "missing_lines": [787, 789, 791, 793, 797], "excluded_lines": []}}, "classes": {"MboxReader": {"executed_lines": [53, 54, 56, 59, 67, 70, 73, 74, 75, 76, 77, 78, 79, 80, 84, 85, 86, 87, 88, 89, 90, 91, 92], "summary": {"covered_lines": 23, "num_statements": 23, "percent_covered": 100.0, "percent_covered_display": "100", "missing_lines": 0, "excluded_lines": 0}, "missing_lines": [], "excluded_lines": []}, "": {"executed_lines": [1, 2, 3, 4, 5, 6, 7, 9, 10, 11, 12, 13, 14, 15, 16, 17, 18, 21, 23, 24, 26, 28, 46, 51, 52, 58, 61, 69, 72, 95, 96, 97, 99, 100, 103, 108, 109, 110, 113, 114, 117, 120, 123, 126, 127, 136, 137, 140, 159, 169, 170, 171, 174, 175, 187, 188, 189, 190, 195, 209, 214, 217, 219, 222, 223, 224, 227, 231, 262, 265, 271, 272, 274, 276, 277, 285, 287, 288, 290, 292, 293, 295, 296, 297, 306, 307, 308, 309, 311, 312, 313, 316, 317, 318, 319, 320, 321, 330, 345, 348, 349, 355, 356, 358, 360, 363, 364, 371, 398, 402, 418, 455, 503, 513, 515, 516, 517, 521, 524, 567, 621, 773, 774, 777, 786, 800], "summary": {"covered_lines": 126, "num_statements": 354, "percent_covered": 35.59322033898305, "percent_covered_display": "36", "missing_lines": 228, "excluded_lines": 0}, "missing_lines": [104, 105, 142, 155, 156, 160, 161, 162, 163, 164, 165, 166, 176, 177, 178, 179, 185, 192, 196, 197, 198, 199, 202, 203, 204, 205, 206, 220, 232, 236, 238, 239, 240, 241, 242, 244, 245, 246, 247, 250, 252, 299, 300, 301, 304, 323, 324, 350, 351, 352, 365, 366, 367, 368, 372, 373, 374, 375, 376, 377, 379, 380, 381, 382, 383, 384, 385, 386, 387, 389, 390, 391, 392, 394, 395, 399, 405, 415, 419, 420, 421, 423, 424, 425, 428, 429, 430, 433, 434, 435, 437, 438, 439, 442, 446, 447, 449, 450, 451, 452, 468, 469, 470, 472, 473, 475, 476, 477, 480, 482, 483, 484, 487, 488, 489, 494, 499, 500, 518, 519, 536, 539, 540, 541, 542, 544, 545, 548, 549, 551, 552, 553, 554, 555, 557, 558, 560, 561, 562, 563, 564, 579, 580, 581, 584, 586, 587, 588, 592, 609, 610, 614, 616, 617, 618, 623, 625, 626, 627, 628, 629, 631, 635, 636, 638, 639, 640, 641, 642, 643, 644, 645, 646, 647, 649, 650, 651, 652, 653, 660, 678, 680, 681, 682, 684, 685, 686, 687, 688, 689, 690, 692, 693, 694, 695, 696, 697, 698, 699, 703, 708, 709, 714, 729, 749, 753, 754, 755, 759, 761, 763, 764, 765, 766, 767, 768, 769, 770, 778, 779, 780, 781, 783, 787, 789, 791, 793, 797], "excluded_lines": []}}}, "main.py": {"executed_lines": [], "summary": {"covered_lines": 0, "num_statements": 4, "percent_covered": 0.0, "percent_covered_display": "0", "missing_lines": 4, "excluded_lines": 0}, "missing_lines": [1, 2, 5, 6], "excluded_lines": [], "functions": {"main": {"executed_lines": [], "summary": {"covered_lines": 0, "num_statements": 1, "percent_covered": 0.0, "percent_covered_display": "0", "missing_lines": 1, "excluded_lines": 0}, "missing_lines": [2], "excluded_lines": []}, "": {"executed_lines": [], "summary": {"covered_lines": 0, "num_statements": 3, "percent_covered": 0.0, "percent_covered_display": "0", "missing_lines": 3, "excluded_lines": 0}, "missing_lines": [1, 5, 6], "excluded_lines": []}}, "classes": {"": {"executed_lines": [], "summary": {"covered_lines": 0, "num_statements": 4, "percent_covered": 0.0, "percent_covered_display": "0", "missing_lines": 4, "excluded_lines": 0}, "missing_lines": [1, 2, 5, 6], "excluded_lines": []}}}}, "totals": {"covered_lines": 309, "num_statements": 562, "percent_covered": 54.98220640569395, "percent_covered_display": "55", "missing_lines": 253, "excluded_lines": 2}}